[0.452s] DEBUG:colcon:Command line arguments: ['/usr/bin/colcon', 'build', '--packages-select', 'joy_controller_cpp']
[0.452s] DEBUG:colcon:Parsed command line arguments: Namespace(log_base=None, log_level=None, verb_name='build', build_base='build', install_base='install', merge_install=False, symlink_install=False, test_result_base=None, continue_on_error=False, executor='parallel', parallel_workers=6, event_handlers=None, ignore_user_meta=False, metas=['./colcon.meta'], base_paths=['.'], packages_ignore=None, packages_ignore_regex=None, paths=None, packages_up_to=None, packages_up_to_regex=None, packages_above=None, packages_above_and_dependencies=None, packages_above_depth=None, packages_select_by_dep=None, packages_skip_by_dep=None, packages_skip_up_to=None, packages_select_build_failed=False, packages_skip_build_finished=False, packages_select_test_failures=False, packages_skip_test_passed=False, packages_select=['joy_controller_cpp'], packages_skip=None, packages_select_regex=None, packages_skip_regex=None, packages_start=None, packages_end=None, allow_overriding=[], cmake_args=None, cmake_target=None, cmake_target_skip_unavailable=False, cmake_clean_cache=False, cmake_clean_first=False, cmake_force_configure=False, ament_cmake_args=None, catkin_cmake_args=None, catkin_skip_building_tests=False, verb_parser=<colcon_defaults.argument_parser.defaults.DefaultArgumentsDecorator object at 0xffff979c7610>, verb_extension=<colcon_core.verb.build.BuildVerb object at 0xffff979c7070>, main=<bound method BuildVerb.main of <colcon_core.verb.build.BuildVerb object at 0xffff979c7070>>)
[1.168s] Level 1:colcon.colcon_core.package_discovery:discover_packages(colcon_meta) check parameters
[1.168s] Level 1:colcon.colcon_core.package_discovery:discover_packages(recursive) check parameters
[1.168s] Level 1:colcon.colcon_core.package_discovery:discover_packages(ignore) check parameters
[1.169s] Level 1:colcon.colcon_core.package_discovery:discover_packages(path) check parameters
[1.169s] Level 1:colcon.colcon_core.package_discovery:discover_packages(colcon_meta) discover
[1.169s] Level 1:colcon.colcon_core.package_discovery:discover_packages(recursive) discover
[1.169s] INFO:colcon.colcon_core.package_discovery:Crawling recursively for packages in '/home/lunabotics/lunabotics/ros2_ws'
[1.169s] Level 1:colcon.colcon_core.package_identification:_identify(.) by extensions ['ignore', 'ignore_ament_install']
[1.170s] Level 1:colcon.colcon_core.package_identification:_identify(.) by extension 'ignore'
[1.170s] Level 1:colcon.colcon_core.package_identification:_identify(.) by extension 'ignore_ament_install'
[1.170s] Level 1:colcon.colcon_core.package_identification:_identify(.) by extensions ['colcon_pkg']
[1.170s] Level 1:colcon.colcon_core.package_identification:_identify(.) by extension 'colcon_pkg'
[1.170s] Level 1:colcon.colcon_core.package_identification:_identify(.) by extensions ['colcon_meta']
[1.170s] Level 1:colcon.colcon_core.package_identification:_identify(.) by extension 'colcon_meta'
[1.170s] Level 1:colcon.colcon_core.package_identification:_identify(.) by extensions ['ros']
[1.170s] Level 1:colcon.colcon_core.package_identification:_identify(.) by extension 'ros'
[1.196s] Level 1:colcon.colcon_core.package_identification:_identify(.) by extensions ['cmake', 'python']
[1.196s] Level 1:colcon.colcon_core.package_identification:_identify(.) by extension 'cmake'
[1.197s] Level 1:colcon.colcon_core.package_identification:_identify(.) by extension 'python'
[1.197s] Level 1:colcon.colcon_core.package_identification:_identify(.) by extensions ['python_setup_py']
[1.197s] Level 1:colcon.colcon_core.package_identification:_identify(.) by extension 'python_setup_py'
[1.197s] Level 1:colcon.colcon_core.package_identification:_identify(build) by extensions ['ignore', 'ignore_ament_install']
[1.197s] Level 1:colcon.colcon_core.package_identification:_identify(build) by extension 'ignore'
[1.197s] Level 1:colcon.colcon_core.package_identification:_identify(build) ignored
[1.198s] Level 1:colcon.colcon_core.package_identification:_identify(install) by extensions ['ignore', 'ignore_ament_install']
[1.198s] Level 1:colcon.colcon_core.package_identification:_identify(install) by extension 'ignore'
[1.198s] Level 1:colcon.colcon_core.package_identification:_identify(install) ignored
[1.198s] Level 1:colcon.colcon_core.package_identification:_identify(log) by extensions ['ignore', 'ignore_ament_install']
[1.198s] Level 1:colcon.colcon_core.package_identification:_identify(log) by extension 'ignore'
[1.199s] Level 1:colcon.colcon_core.package_identification:_identify(log) ignored
[1.199s] Level 1:colcon.colcon_core.package_identification:_identify(src) by extensions ['ignore', 'ignore_ament_install']
[1.199s] Level 1:colcon.colcon_core.package_identification:_identify(src) by extension 'ignore'
[1.199s] Level 1:colcon.colcon_core.package_identification:_identify(src) by extension 'ignore_ament_install'
[1.199s] Level 1:colcon.colcon_core.package_identification:_identify(src) by extensions ['colcon_pkg']
[1.199s] Level 1:colcon.colcon_core.package_identification:_identify(src) by extension 'colcon_pkg'
[1.199s] Level 1:colcon.colcon_core.package_identification:_identify(src) by extensions ['colcon_meta']
[1.199s] Level 1:colcon.colcon_core.package_identification:_identify(src) by extension 'colcon_meta'
[1.200s] Level 1:colcon.colcon_core.package_identification:_identify(src) by extensions ['ros']
[1.200s] Level 1:colcon.colcon_core.package_identification:_identify(src) by extension 'ros'
[1.200s] Level 1:colcon.colcon_core.package_identification:_identify(src) by extensions ['cmake', 'python']
[1.200s] Level 1:colcon.colcon_core.package_identification:_identify(src) by extension 'cmake'
[1.200s] Level 1:colcon.colcon_core.package_identification:_identify(src) by extension 'python'
[1.200s] Level 1:colcon.colcon_core.package_identification:_identify(src) by extensions ['python_setup_py']
[1.200s] Level 1:colcon.colcon_core.package_identification:_identify(src) by extension 'python_setup_py'
[1.200s] Level 1:colcon.colcon_core.package_identification:_identify(src/imu_reader) by extensions ['ignore', 'ignore_ament_install']
[1.201s] Level 1:colcon.colcon_core.package_identification:_identify(src/imu_reader) by extension 'ignore'
[1.201s] Level 1:colcon.colcon_core.package_identification:_identify(src/imu_reader) by extension 'ignore_ament_install'
[1.201s] Level 1:colcon.colcon_core.package_identification:_identify(src/imu_reader) by extensions ['colcon_pkg']
[1.201s] Level 1:colcon.colcon_core.package_identification:_identify(src/imu_reader) by extension 'colcon_pkg'
[1.201s] Level 1:colcon.colcon_core.package_identification:_identify(src/imu_reader) by extensions ['colcon_meta']
[1.201s] Level 1:colcon.colcon_core.package_identification:_identify(src/imu_reader) by extension 'colcon_meta'
[1.201s] Level 1:colcon.colcon_core.package_identification:_identify(src/imu_reader) by extensions ['ros']
[1.201s] Level 1:colcon.colcon_core.package_identification:_identify(src/imu_reader) by extension 'ros'
[1.209s] DEBUG:colcon.colcon_core.package_identification:Package 'src/imu_reader' with type 'ros.ament_python' and name 'imu_reader'
[1.209s] Level 1:colcon.colcon_core.package_identification:_identify(src/joy_controller_cpp) by extensions ['ignore', 'ignore_ament_install']
[1.210s] Level 1:colcon.colcon_core.package_identification:_identify(src/joy_controller_cpp) by extension 'ignore'
[1.210s] Level 1:colcon.colcon_core.package_identification:_identify(src/joy_controller_cpp) by extension 'ignore_ament_install'
[1.210s] Level 1:colcon.colcon_core.package_identification:_identify(src/joy_controller_cpp) by extensions ['colcon_pkg']
[1.210s] Level 1:colcon.colcon_core.package_identification:_identify(src/joy_controller_cpp) by extension 'colcon_pkg'
[1.210s] Level 1:colcon.colcon_core.package_identification:_identify(src/joy_controller_cpp) by extensions ['colcon_meta']
[1.210s] Level 1:colcon.colcon_core.package_identification:_identify(src/joy_controller_cpp) by extension 'colcon_meta'
[1.210s] Level 1:colcon.colcon_core.package_identification:_identify(src/joy_controller_cpp) by extensions ['ros']
[1.210s] Level 1:colcon.colcon_core.package_identification:_identify(src/joy_controller_cpp) by extension 'ros'
[1.212s] DEBUG:colcon.colcon_core.package_identification:Package 'src/joy_controller_cpp' with type 'ros.ament_cmake' and name 'joy_controller_cpp'
[1.212s] Level 1:colcon.colcon_core.package_discovery:discover_packages(recursive) using defaults
[1.212s] Level 1:colcon.colcon_core.package_discovery:discover_packages(ignore) discover
[1.212s] Level 1:colcon.colcon_core.package_discovery:discover_packages(ignore) using defaults
[1.212s] Level 1:colcon.colcon_core.package_discovery:discover_packages(path) discover
[1.212s] Level 1:colcon.colcon_core.package_discovery:discover_packages(path) using defaults
[1.273s] INFO:colcon.colcon_core.package_selection:Skipping not selected package 'imu_reader' in 'src/imu_reader'
[1.275s] Level 1:colcon.colcon_core.package_discovery:discover_packages(prefix_path) check parameters
[1.275s] Level 1:colcon.colcon_core.package_discovery:discover_packages(prefix_path) discover
[1.282s] DEBUG:colcon.colcon_installed_package_information.package_discovery:Found 1 installed packages in /home/lunabotics/lunabotics/ros2_ws/install
[1.285s] DEBUG:colcon.colcon_installed_package_information.package_discovery:Found 273 installed packages in /opt/ros/humble
[1.316s] Level 1:colcon.colcon_core.package_discovery:discover_packages(prefix_path) using defaults
[1.395s] Level 5:colcon.colcon_core.verb:set package 'joy_controller_cpp' build argument 'cmake_args' from command line to 'None'
[1.395s] Level 5:colcon.colcon_core.verb:set package 'joy_controller_cpp' build argument 'cmake_target' from command line to 'None'
[1.395s] Level 5:colcon.colcon_core.verb:set package 'joy_controller_cpp' build argument 'cmake_target_skip_unavailable' from command line to 'False'
[1.395s] Level 5:colcon.colcon_core.verb:set package 'joy_controller_cpp' build argument 'cmake_clean_cache' from command line to 'False'
[1.395s] Level 5:colcon.colcon_core.verb:set package 'joy_controller_cpp' build argument 'cmake_clean_first' from command line to 'False'
[1.395s] Level 5:colcon.colcon_core.verb:set package 'joy_controller_cpp' build argument 'cmake_force_configure' from command line to 'False'
[1.395s] Level 5:colcon.colcon_core.verb:set package 'joy_controller_cpp' build argument 'ament_cmake_args' from command line to 'None'
[1.395s] Level 5:colcon.colcon_core.verb:set package 'joy_controller_cpp' build argument 'catkin_cmake_args' from command line to 'None'
[1.395s] Level 5:colcon.colcon_core.verb:set package 'joy_controller_cpp' build argument 'catkin_skip_building_tests' from command line to 'False'
[1.396s] DEBUG:colcon.colcon_core.verb:Building package 'joy_controller_cpp' with the following arguments: {'ament_cmake_args': None, 'build_base': '/home/lunabotics/lunabotics/ros2_ws/build/joy_controller_cpp', 'catkin_cmake_args': None, 'catkin_skip_building_tests': False, 'cmake_args': None, 'cmake_clean_cache': False, 'cmake_clean_first': False, 'cmake_force_configure': False, 'cmake_target': None, 'cmake_target_skip_unavailable': False, 'install_base': '/home/lunabotics/lunabotics/ros2_ws/install/joy_controller_cpp', 'merge_install': False, 'path': '/home/lunabotics/lunabotics/ros2_ws/src/joy_controller_cpp', 'symlink_install': False, 'test_result_base': None}
[1.396s] INFO:colcon.colcon_core.executor:Executing jobs using 'parallel' executor
[1.398s] DEBUG:colcon.colcon_parallel_executor.executor.parallel:run_until_complete
[1.399s] INFO:colcon.colcon_ros.task.ament_cmake.build:Building ROS package in '/home/lunabotics/lunabotics/ros2_ws/src/joy_controller_cpp' with build type 'ament_cmake'
[1.399s] INFO:colcon.colcon_cmake.task.cmake.build:Building CMake package in '/home/lunabotics/lunabotics/ros2_ws/src/joy_controller_cpp'
[1.412s] INFO:colcon.colcon_core.plugin_system:Skipping extension 'colcon_core.shell.bat': Not used on non-Windows systems
[1.413s] INFO:colcon.colcon_core.shell:Skip shell extension 'powershell' for command environment: Not usable outside of PowerShell
[1.413s] DEBUG:colcon.colcon_core.shell:Skip shell extension 'dsv' for command environment
[1.426s] DEBUG:colcon.colcon_core.event_handler.log_command:Invoking command in '/home/lunabotics/lunabotics/ros2_ws/build/joy_controller_cpp': CMAKE_PREFIX_PATH=/home/lunabotics/lunabotics/ros2_ws/install/imu_reader:/opt/ros/humble /usr/bin/cmake /home/lunabotics/lunabotics/ros2_ws/src/joy_controller_cpp -DCMAKE_INSTALL_PREFIX=/home/lunabotics/lunabotics/ros2_ws/install/joy_controller_cpp
[6.894s] DEBUG:colcon.colcon_core.event_handler.log_command:Invoked command in '/home/lunabotics/lunabotics/ros2_ws/build/joy_controller_cpp' returned '1': CMAKE_PREFIX_PATH=/home/lunabotics/lunabotics/ros2_ws/install/imu_reader:/opt/ros/humble /usr/bin/cmake /home/lunabotics/lunabotics/ros2_ws/src/joy_controller_cpp -DCMAKE_INSTALL_PREFIX=/home/lunabotics/lunabotics/ros2_ws/install/joy_controller_cpp
[6.928s] Level 1:colcon.colcon_core.environment:create_environment_scripts_only(joy_controller_cpp)
[6.953s] Level 1:colcon.colcon_core.environment:checking '/home/lunabotics/lunabotics/ros2_ws/install/joy_controller_cpp' for CMake module files
[6.956s] Level 1:colcon.colcon_core.environment:checking '/home/lunabotics/lunabotics/ros2_ws/install/joy_controller_cpp' for CMake config files
[6.959s] Level 1:colcon.colcon_core.environment:checking '/home/lunabotics/lunabotics/ros2_ws/install/joy_controller_cpp/bin'
[6.959s] Level 1:colcon.colcon_core.environment:checking '/home/lunabotics/lunabotics/ros2_ws/install/joy_controller_cpp/lib/pkgconfig/joy_controller_cpp.pc'
[6.961s] Level 1:colcon.colcon_core.environment:checking '/home/lunabotics/lunabotics/ros2_ws/install/joy_controller_cpp/lib/python3.10/site-packages'
[6.962s] Level 1:colcon.colcon_core.environment:checking '/home/lunabotics/lunabotics/ros2_ws/install/joy_controller_cpp/bin'
[6.964s] INFO:colcon.colcon_core.shell:Creating package script '/home/lunabotics/lunabotics/ros2_ws/install/joy_controller_cpp/share/joy_controller_cpp/package.ps1'
[6.973s] INFO:colcon.colcon_core.shell:Creating package descriptor '/home/lunabotics/lunabotics/ros2_ws/install/joy_controller_cpp/share/joy_controller_cpp/package.dsv'
[6.976s] INFO:colcon.colcon_core.shell:Creating package script '/home/lunabotics/lunabotics/ros2_ws/install/joy_controller_cpp/share/joy_controller_cpp/package.sh'
[6.979s] INFO:colcon.colcon_core.shell:Creating package script '/home/lunabotics/lunabotics/ros2_ws/install/joy_controller_cpp/share/joy_controller_cpp/package.bash'
[6.983s] INFO:colcon.colcon_core.shell:Creating package script '/home/lunabotics/lunabotics/ros2_ws/install/joy_controller_cpp/share/joy_controller_cpp/package.zsh'
[6.987s] Level 1:colcon.colcon_core.environment:create_file_with_runtime_dependencies(/home/lunabotics/lunabotics/ros2_ws/install/joy_controller_cpp/share/colcon-core/packages/joy_controller_cpp)
[7.000s] DEBUG:colcon.colcon_parallel_executor.executor.parallel:closing loop
[7.001s] DEBUG:colcon.colcon_parallel_executor.executor.parallel:loop closed
[7.001s] DEBUG:colcon.colcon_parallel_executor.executor.parallel:run_until_complete finished with '1'
[7.002s] DEBUG:colcon.colcon_core.event_reactor:joining thread
[7.003s] DEBUG:colcon.colcon_core.event_reactor:joined thread
[7.005s] INFO:colcon.colcon_core.shell:Creating prefix script '/home/lunabotics/lunabotics/ros2_ws/install/local_setup.ps1'
[7.012s] INFO:colcon.colcon_core.shell:Creating prefix util module '/home/lunabotics/lunabotics/ros2_ws/install/_local_setup_util_ps1.py'
[7.020s] INFO:colcon.colcon_core.shell:Creating prefix chain script '/home/lunabotics/lunabotics/ros2_ws/install/setup.ps1'
[7.027s] INFO:colcon.colcon_core.shell:Creating prefix script '/home/lunabotics/lunabotics/ros2_ws/install/local_setup.sh'
[7.032s] INFO:colcon.colcon_core.shell:Creating prefix util module '/home/lunabotics/lunabotics/ros2_ws/install/_local_setup_util_sh.py'
[7.035s] INFO:colcon.colcon_core.shell:Creating prefix chain script '/home/lunabotics/lunabotics/ros2_ws/install/setup.sh'
[7.040s] INFO:colcon.colcon_core.shell:Creating prefix script '/home/lunabotics/lunabotics/ros2_ws/install/local_setup.bash'
[7.076s] INFO:colcon.colcon_core.shell:Creating prefix chain script '/home/lunabotics/lunabotics/ros2_ws/install/setup.bash'
[7.081s] INFO:colcon.colcon_core.shell:Creating prefix script '/home/lunabotics/lunabotics/ros2_ws/install/local_setup.zsh'
[7.083s] INFO:colcon.colcon_core.shell:Creating prefix chain script '/home/lunabotics/lunabotics/ros2_ws/install/setup.zsh'
