[1.238s] Invoking command in '/home/lunabotics/lunabotics/ros2_ws/src/imu_reader': PYTHONPATH=/home/lunabotics/lunabotics/ros2_ws/build/imu_reader/prefix_override:/usr/lib/python3/dist-packages/colcon_core/task/python/colcon_distutils_commands:/home/lunabotics/lunabotics/ros2_ws/install/imu_reader/lib/python3.10/site-packages:${PYTHONPATH} /usr/bin/python3 -W ignore:setup.py install is deprecated -W ignore:easy_install command is deprecated setup.py egg_info --egg-base ../../build/imu_reader build --build-base /home/lunabotics/lunabotics/ros2_ws/build/imu_reader/build install --record /home/lunabotics/lunabotics/ros2_ws/build/imu_reader/install.log --single-version-externally-managed install_data
[1.720s] running egg_info
[1.721s] creating ../../build/imu_reader/imu_reader.egg-info
[1.723s] writing ../../build/imu_reader/imu_reader.egg-info/PKG-INFO
[1.723s] writing dependency_links to ../../build/imu_reader/imu_reader.egg-info/dependency_links.txt
[1.723s] writing entry points to ../../build/imu_reader/imu_reader.egg-info/entry_points.txt
[1.724s] writing requirements to ../../build/imu_reader/imu_reader.egg-info/requires.txt
[1.724s] writing top-level names to ../../build/imu_reader/imu_reader.egg-info/top_level.txt
[1.724s] writing manifest file '../../build/imu_reader/imu_reader.egg-info/SOURCES.txt'
[1.727s] reading manifest file '../../build/imu_reader/imu_reader.egg-info/SOURCES.txt'
[1.729s] writing manifest file '../../build/imu_reader/imu_reader.egg-info/SOURCES.txt'
[1.729s] running build
[1.730s] running build_py
[1.730s] creating /home/lunabotics/lunabotics/ros2_ws/build/imu_reader/build
[1.730s] creating /home/lunabotics/lunabotics/ros2_ws/build/imu_reader/build/lib
[1.730s] creating /home/lunabotics/lunabotics/ros2_ws/build/imu_reader/build/lib/imu_reader
[1.731s] copying imu_reader/imu_node.py -> /home/lunabotics/lunabotics/ros2_ws/build/imu_reader/build/lib/imu_reader
[1.731s] copying imu_reader/imu_driver.py -> /home/lunabotics/lunabotics/ros2_ws/build/imu_reader/build/lib/imu_reader
[1.731s] copying imu_reader/__init__.py -> /home/lunabotics/lunabotics/ros2_ws/build/imu_reader/build/lib/imu_reader
[1.731s] running install
[1.732s] running install_lib
[1.733s] creating /home/lunabotics/lunabotics/ros2_ws/install/imu_reader/lib/python3.10/site-packages/imu_reader
[1.734s] copying /home/lunabotics/lunabotics/ros2_ws/build/imu_reader/build/lib/imu_reader/imu_node.py -> /home/lunabotics/lunabotics/ros2_ws/install/imu_reader/lib/python3.10/site-packages/imu_reader
[1.735s] copying /home/lunabotics/lunabotics/ros2_ws/build/imu_reader/build/lib/imu_reader/imu_driver.py -> /home/lunabotics/lunabotics/ros2_ws/install/imu_reader/lib/python3.10/site-packages/imu_reader
[1.735s] copying /home/lunabotics/lunabotics/ros2_ws/build/imu_reader/build/lib/imu_reader/__init__.py -> /home/lunabotics/lunabotics/ros2_ws/install/imu_reader/lib/python3.10/site-packages/imu_reader
[1.735s] byte-compiling /home/lunabotics/lunabotics/ros2_ws/install/imu_reader/lib/python3.10/site-packages/imu_reader/imu_node.py to imu_node.cpython-310.pyc
[1.736s] byte-compiling /home/lunabotics/lunabotics/ros2_ws/install/imu_reader/lib/python3.10/site-packages/imu_reader/imu_driver.py to imu_driver.cpython-310.pyc
[1.737s] byte-compiling /home/lunabotics/lunabotics/ros2_ws/install/imu_reader/lib/python3.10/site-packages/imu_reader/__init__.py to __init__.cpython-310.pyc
[1.737s] running install_data
[1.738s] creating /home/lunabotics/lunabotics/ros2_ws/install/imu_reader/share/ament_index
[1.738s] creating /home/lunabotics/lunabotics/ros2_ws/install/imu_reader/share/ament_index/resource_index
[1.738s] creating /home/lunabotics/lunabotics/ros2_ws/install/imu_reader/share/ament_index/resource_index/packages
[1.738s] copying resource/imu_reader -> /home/lunabotics/lunabotics/ros2_ws/install/imu_reader/share/ament_index/resource_index/packages
[1.739s] copying package.xml -> /home/lunabotics/lunabotics/ros2_ws/install/imu_reader/share/imu_reader
[1.739s] running install_egg_info
[1.742s] Copying ../../build/imu_reader/imu_reader.egg-info to /home/lunabotics/lunabotics/ros2_ws/install/imu_reader/lib/python3.10/site-packages/imu_reader-0.0.0-py3.10.egg-info
[1.744s] running install_scripts
[1.787s] Installing imu_node script to /home/lunabotics/lunabotics/ros2_ws/install/imu_reader/lib/imu_reader
[1.789s] writing list of installed files to '/home/lunabotics/lunabotics/ros2_ws/build/imu_reader/install.log'
[1.856s] Invoked command in '/home/lunabotics/lunabotics/ros2_ws/src/imu_reader' returned '0': PYTHONPATH=/home/lunabotics/lunabotics/ros2_ws/build/imu_reader/prefix_override:/usr/lib/python3/dist-packages/colcon_core/task/python/colcon_distutils_commands:/home/lunabotics/lunabotics/ros2_ws/install/imu_reader/lib/python3.10/site-packages:${PYTHONPATH} /usr/bin/python3 -W ignore:setup.py install is deprecated -W ignore:easy_install command is deprecated setup.py egg_info --egg-base ../../build/imu_reader build --build-base /home/lunabotics/lunabotics/ros2_ws/build/imu_reader/build install --record /home/lunabotics/lunabotics/ros2_ws/build/imu_reader/install.log --single-version-externally-managed install_data
