[0.219s] DEBUG:colcon:Command line arguments: ['/usr/bin/colcon', 'build', '--packages-select', 'joy_controller_cpp']
[0.220s] DEBUG:colcon:Parsed command line arguments: Namespace(log_base=None, log_level=None, verb_name='build', build_base='build', install_base='install', merge_install=False, symlink_install=False, test_result_base=None, continue_on_error=False, executor='parallel', parallel_workers=6, event_handlers=None, ignore_user_meta=False, metas=['./colcon.meta'], base_paths=['.'], packages_ignore=None, packages_ignore_regex=None, paths=None, packages_up_to=None, packages_up_to_regex=None, packages_above=None, packages_above_and_dependencies=None, packages_above_depth=None, packages_select_by_dep=None, packages_skip_by_dep=None, packages_skip_up_to=None, packages_select_build_failed=False, packages_skip_build_finished=False, packages_select_test_failures=False, packages_skip_test_passed=False, packages_select=['joy_controller_cpp'], packages_skip=None, packages_select_regex=None, packages_skip_regex=None, packages_start=None, packages_end=None, allow_overriding=[], cmake_args=None, cmake_target=None, cmake_target_skip_unavailable=False, cmake_clean_cache=False, cmake_clean_first=False, cmake_force_configure=False, ament_cmake_args=None, catkin_cmake_args=None, catkin_skip_building_tests=False, verb_parser=<colcon_defaults.argument_parser.defaults.DefaultArgumentsDecorator object at 0xffff98827610>, verb_extension=<colcon_core.verb.build.BuildVerb object at 0xffff98827070>, main=<bound method BuildVerb.main of <colcon_core.verb.build.BuildVerb object at 0xffff98827070>>)
[0.549s] Level 1:colcon.colcon_core.package_discovery:discover_packages(colcon_meta) check parameters
[0.549s] Level 1:colcon.colcon_core.package_discovery:discover_packages(recursive) check parameters
[0.549s] Level 1:colcon.colcon_core.package_discovery:discover_packages(ignore) check parameters
[0.549s] Level 1:colcon.colcon_core.package_discovery:discover_packages(path) check parameters
[0.550s] Level 1:colcon.colcon_core.package_discovery:discover_packages(colcon_meta) discover
[0.550s] Level 1:colcon.colcon_core.package_discovery:discover_packages(recursive) discover
[0.550s] INFO:colcon.colcon_core.package_discovery:Crawling recursively for packages in '/home/lunabotics/lunabotics/ros2_ws'
[0.550s] Level 1:colcon.colcon_core.package_identification:_identify(.) by extensions ['ignore', 'ignore_ament_install']
[0.550s] Level 1:colcon.colcon_core.package_identification:_identify(.) by extension 'ignore'
[0.550s] Level 1:colcon.colcon_core.package_identification:_identify(.) by extension 'ignore_ament_install'
[0.551s] Level 1:colcon.colcon_core.package_identification:_identify(.) by extensions ['colcon_pkg']
[0.551s] Level 1:colcon.colcon_core.package_identification:_identify(.) by extension 'colcon_pkg'
[0.551s] Level 1:colcon.colcon_core.package_identification:_identify(.) by extensions ['colcon_meta']
[0.551s] Level 1:colcon.colcon_core.package_identification:_identify(.) by extension 'colcon_meta'
[0.551s] Level 1:colcon.colcon_core.package_identification:_identify(.) by extensions ['ros']
[0.551s] Level 1:colcon.colcon_core.package_identification:_identify(.) by extension 'ros'
[0.574s] Level 1:colcon.colcon_core.package_identification:_identify(.) by extensions ['cmake', 'python']
[0.575s] Level 1:colcon.colcon_core.package_identification:_identify(.) by extension 'cmake'
[0.575s] Level 1:colcon.colcon_core.package_identification:_identify(.) by extension 'python'
[0.575s] Level 1:colcon.colcon_core.package_identification:_identify(.) by extensions ['python_setup_py']
[0.575s] Level 1:colcon.colcon_core.package_identification:_identify(.) by extension 'python_setup_py'
[0.575s] Level 1:colcon.colcon_core.package_identification:_identify(build) by extensions ['ignore', 'ignore_ament_install']
[0.576s] Level 1:colcon.colcon_core.package_identification:_identify(build) by extension 'ignore'
[0.576s] Level 1:colcon.colcon_core.package_identification:_identify(build) ignored
[0.576s] Level 1:colcon.colcon_core.package_identification:_identify(install) by extensions ['ignore', 'ignore_ament_install']
[0.576s] Level 1:colcon.colcon_core.package_identification:_identify(install) by extension 'ignore'
[0.576s] Level 1:colcon.colcon_core.package_identification:_identify(install) ignored
[0.577s] Level 1:colcon.colcon_core.package_identification:_identify(log) by extensions ['ignore', 'ignore_ament_install']
[0.577s] Level 1:colcon.colcon_core.package_identification:_identify(log) by extension 'ignore'
[0.577s] Level 1:colcon.colcon_core.package_identification:_identify(log) ignored
[0.577s] Level 1:colcon.colcon_core.package_identification:_identify(src) by extensions ['ignore', 'ignore_ament_install']
[0.577s] Level 1:colcon.colcon_core.package_identification:_identify(src) by extension 'ignore'
[0.577s] Level 1:colcon.colcon_core.package_identification:_identify(src) by extension 'ignore_ament_install'
[0.577s] Level 1:colcon.colcon_core.package_identification:_identify(src) by extensions ['colcon_pkg']
[0.578s] Level 1:colcon.colcon_core.package_identification:_identify(src) by extension 'colcon_pkg'
[0.578s] Level 1:colcon.colcon_core.package_identification:_identify(src) by extensions ['colcon_meta']
[0.578s] Level 1:colcon.colcon_core.package_identification:_identify(src) by extension 'colcon_meta'
[0.578s] Level 1:colcon.colcon_core.package_identification:_identify(src) by extensions ['ros']
[0.578s] Level 1:colcon.colcon_core.package_identification:_identify(src) by extension 'ros'
[0.578s] Level 1:colcon.colcon_core.package_identification:_identify(src) by extensions ['cmake', 'python']
[0.578s] Level 1:colcon.colcon_core.package_identification:_identify(src) by extension 'cmake'
[0.578s] Level 1:colcon.colcon_core.package_identification:_identify(src) by extension 'python'
[0.578s] Level 1:colcon.colcon_core.package_identification:_identify(src) by extensions ['python_setup_py']
[0.578s] Level 1:colcon.colcon_core.package_identification:_identify(src) by extension 'python_setup_py'
[0.579s] Level 1:colcon.colcon_core.package_identification:_identify(src/imu_reader) by extensions ['ignore', 'ignore_ament_install']
[0.579s] Level 1:colcon.colcon_core.package_identification:_identify(src/imu_reader) by extension 'ignore'
[0.579s] Level 1:colcon.colcon_core.package_identification:_identify(src/imu_reader) by extension 'ignore_ament_install'
[0.579s] Level 1:colcon.colcon_core.package_identification:_identify(src/imu_reader) by extensions ['colcon_pkg']
[0.579s] Level 1:colcon.colcon_core.package_identification:_identify(src/imu_reader) by extension 'colcon_pkg'
[0.579s] Level 1:colcon.colcon_core.package_identification:_identify(src/imu_reader) by extensions ['colcon_meta']
[0.579s] Level 1:colcon.colcon_core.package_identification:_identify(src/imu_reader) by extension 'colcon_meta'
[0.579s] Level 1:colcon.colcon_core.package_identification:_identify(src/imu_reader) by extensions ['ros']
[0.580s] Level 1:colcon.colcon_core.package_identification:_identify(src/imu_reader) by extension 'ros'
[0.585s] DEBUG:colcon.colcon_core.package_identification:Package 'src/imu_reader' with type 'ros.ament_python' and name 'imu_reader'
[0.585s] Level 1:colcon.colcon_core.package_identification:_identify(src/joy_controller_cpp) by extensions ['ignore', 'ignore_ament_install']
[0.585s] Level 1:colcon.colcon_core.package_identification:_identify(src/joy_controller_cpp) by extension 'ignore'
[0.585s] Level 1:colcon.colcon_core.package_identification:_identify(src/joy_controller_cpp) by extension 'ignore_ament_install'
[0.586s] Level 1:colcon.colcon_core.package_identification:_identify(src/joy_controller_cpp) by extensions ['colcon_pkg']
[0.586s] Level 1:colcon.colcon_core.package_identification:_identify(src/joy_controller_cpp) by extension 'colcon_pkg'
[0.586s] Level 1:colcon.colcon_core.package_identification:_identify(src/joy_controller_cpp) by extensions ['colcon_meta']
[0.586s] Level 1:colcon.colcon_core.package_identification:_identify(src/joy_controller_cpp) by extension 'colcon_meta'
[0.586s] Level 1:colcon.colcon_core.package_identification:_identify(src/joy_controller_cpp) by extensions ['ros']
[0.586s] Level 1:colcon.colcon_core.package_identification:_identify(src/joy_controller_cpp) by extension 'ros'
[0.587s] DEBUG:colcon.colcon_core.package_identification:Package 'src/joy_controller_cpp' with type 'ros.ament_cmake' and name 'joy_controller_cpp'
[0.588s] Level 1:colcon.colcon_core.package_discovery:discover_packages(recursive) using defaults
[0.588s] Level 1:colcon.colcon_core.package_discovery:discover_packages(ignore) discover
[0.588s] Level 1:colcon.colcon_core.package_discovery:discover_packages(ignore) using defaults
[0.588s] Level 1:colcon.colcon_core.package_discovery:discover_packages(path) discover
[0.588s] Level 1:colcon.colcon_core.package_discovery:discover_packages(path) using defaults
[0.626s] INFO:colcon.colcon_core.package_selection:Skipping not selected package 'imu_reader' in 'src/imu_reader'
[0.627s] Level 1:colcon.colcon_core.package_discovery:discover_packages(prefix_path) check parameters
[0.627s] Level 1:colcon.colcon_core.package_discovery:discover_packages(prefix_path) discover
[0.631s] DEBUG:colcon.colcon_installed_package_information.package_discovery:Found 2 installed packages in /home/lunabotics/lunabotics/ros2_ws/install
[0.633s] DEBUG:colcon.colcon_installed_package_information.package_discovery:Found 273 installed packages in /opt/ros/humble
[0.664s] Level 1:colcon.colcon_core.package_discovery:discover_packages(prefix_path) using defaults
[0.740s] Level 5:colcon.colcon_core.verb:set package 'joy_controller_cpp' build argument 'cmake_args' from command line to 'None'
[0.741s] Level 5:colcon.colcon_core.verb:set package 'joy_controller_cpp' build argument 'cmake_target' from command line to 'None'
[0.741s] Level 5:colcon.colcon_core.verb:set package 'joy_controller_cpp' build argument 'cmake_target_skip_unavailable' from command line to 'False'
[0.741s] Level 5:colcon.colcon_core.verb:set package 'joy_controller_cpp' build argument 'cmake_clean_cache' from command line to 'False'
[0.741s] Level 5:colcon.colcon_core.verb:set package 'joy_controller_cpp' build argument 'cmake_clean_first' from command line to 'False'
[0.741s] Level 5:colcon.colcon_core.verb:set package 'joy_controller_cpp' build argument 'cmake_force_configure' from command line to 'False'
[0.741s] Level 5:colcon.colcon_core.verb:set package 'joy_controller_cpp' build argument 'ament_cmake_args' from command line to 'None'
[0.741s] Level 5:colcon.colcon_core.verb:set package 'joy_controller_cpp' build argument 'catkin_cmake_args' from command line to 'None'
[0.741s] Level 5:colcon.colcon_core.verb:set package 'joy_controller_cpp' build argument 'catkin_skip_building_tests' from command line to 'False'
[0.741s] DEBUG:colcon.colcon_core.verb:Building package 'joy_controller_cpp' with the following arguments: {'ament_cmake_args': None, 'build_base': '/home/lunabotics/lunabotics/ros2_ws/build/joy_controller_cpp', 'catkin_cmake_args': None, 'catkin_skip_building_tests': False, 'cmake_args': None, 'cmake_clean_cache': False, 'cmake_clean_first': False, 'cmake_force_configure': False, 'cmake_target': None, 'cmake_target_skip_unavailable': False, 'install_base': '/home/lunabotics/lunabotics/ros2_ws/install/joy_controller_cpp', 'merge_install': False, 'path': '/home/lunabotics/lunabotics/ros2_ws/src/joy_controller_cpp', 'symlink_install': False, 'test_result_base': None}
[0.741s] INFO:colcon.colcon_core.executor:Executing jobs using 'parallel' executor
[0.744s] DEBUG:colcon.colcon_parallel_executor.executor.parallel:run_until_complete
[0.745s] INFO:colcon.colcon_ros.task.ament_cmake.build:Building ROS package in '/home/lunabotics/lunabotics/ros2_ws/src/joy_controller_cpp' with build type 'ament_cmake'
[0.745s] INFO:colcon.colcon_cmake.task.cmake.build:Building CMake package in '/home/lunabotics/lunabotics/ros2_ws/src/joy_controller_cpp'
[0.749s] INFO:colcon.colcon_core.plugin_system:Skipping extension 'colcon_core.shell.bat': Not used on non-Windows systems
[0.750s] INFO:colcon.colcon_core.shell:Skip shell extension 'powershell' for command environment: Not usable outside of PowerShell
[0.750s] DEBUG:colcon.colcon_core.shell:Skip shell extension 'dsv' for command environment
[0.767s] DEBUG:colcon.colcon_core.event_handler.log_command:Invoking command in '/home/lunabotics/lunabotics/ros2_ws/build/joy_controller_cpp': CMAKE_PREFIX_PATH=/home/lunabotics/lunabotics/ros2_ws/install/imu_reader:/opt/ros/humble /usr/bin/cmake /home/lunabotics/lunabotics/ros2_ws/src/joy_controller_cpp -DCMAKE_INSTALL_PREFIX=/home/lunabotics/lunabotics/ros2_ws/install/joy_controller_cpp
[1.834s] DEBUG:colcon.colcon_core.event_handler.log_command:Invoked command in '/home/lunabotics/lunabotics/ros2_ws/build/joy_controller_cpp' returned '0': CMAKE_PREFIX_PATH=/home/lunabotics/lunabotics/ros2_ws/install/imu_reader:/opt/ros/humble /usr/bin/cmake /home/lunabotics/lunabotics/ros2_ws/src/joy_controller_cpp -DCMAKE_INSTALL_PREFIX=/home/lunabotics/lunabotics/ros2_ws/install/joy_controller_cpp
[1.838s] DEBUG:colcon.colcon_core.event_handler.log_command:Invoking command in '/home/lunabotics/lunabotics/ros2_ws/build/joy_controller_cpp': CMAKE_PREFIX_PATH=/home/lunabotics/lunabotics/ros2_ws/install/imu_reader:/opt/ros/humble /usr/bin/cmake --build /home/lunabotics/lunabotics/ros2_ws/build/joy_controller_cpp -- -j6 -l6
[22.227s] DEBUG:colcon.colcon_core.event_handler.log_command:Invoked command in '/home/lunabotics/lunabotics/ros2_ws/build/joy_controller_cpp' returned '0': CMAKE_PREFIX_PATH=/home/lunabotics/lunabotics/ros2_ws/install/imu_reader:/opt/ros/humble /usr/bin/cmake --build /home/lunabotics/lunabotics/ros2_ws/build/joy_controller_cpp -- -j6 -l6
[22.261s] DEBUG:colcon.colcon_core.event_handler.log_command:Invoking command in '/home/lunabotics/lunabotics/ros2_ws/build/joy_controller_cpp': CMAKE_PREFIX_PATH=/home/lunabotics/lunabotics/ros2_ws/install/imu_reader:/opt/ros/humble /usr/bin/cmake --install /home/lunabotics/lunabotics/ros2_ws/build/joy_controller_cpp
[22.310s] Level 1:colcon.colcon_core.environment:create_environment_scripts_only(joy_controller_cpp)
[22.312s] DEBUG:colcon.colcon_core.event_handler.log_command:Invoked command in '/home/lunabotics/lunabotics/ros2_ws/build/joy_controller_cpp' returned '0': CMAKE_PREFIX_PATH=/home/lunabotics/lunabotics/ros2_ws/install/imu_reader:/opt/ros/humble /usr/bin/cmake --install /home/lunabotics/lunabotics/ros2_ws/build/joy_controller_cpp
[22.323s] Level 1:colcon.colcon_core.environment:checking '/home/lunabotics/lunabotics/ros2_ws/install/joy_controller_cpp' for CMake module files
[22.325s] Level 1:colcon.colcon_core.environment:checking '/home/lunabotics/lunabotics/ros2_ws/install/joy_controller_cpp' for CMake config files
[22.326s] Level 1:colcon.colcon_core.shell:create_environment_hook('joy_controller_cpp', 'cmake_prefix_path')
[22.327s] INFO:colcon.colcon_core.shell:Creating environment hook '/home/lunabotics/lunabotics/ros2_ws/install/joy_controller_cpp/share/joy_controller_cpp/hook/cmake_prefix_path.ps1'
[22.334s] INFO:colcon.colcon_core.shell:Creating environment descriptor '/home/lunabotics/lunabotics/ros2_ws/install/joy_controller_cpp/share/joy_controller_cpp/hook/cmake_prefix_path.dsv'
[22.337s] INFO:colcon.colcon_core.shell:Creating environment hook '/home/lunabotics/lunabotics/ros2_ws/install/joy_controller_cpp/share/joy_controller_cpp/hook/cmake_prefix_path.sh'
[22.342s] Level 1:colcon.colcon_core.environment:checking '/home/lunabotics/lunabotics/ros2_ws/install/joy_controller_cpp/lib'
[22.343s] Level 1:colcon.colcon_core.environment:checking '/home/lunabotics/lunabotics/ros2_ws/install/joy_controller_cpp/bin'
[22.343s] Level 1:colcon.colcon_core.environment:checking '/home/lunabotics/lunabotics/ros2_ws/install/joy_controller_cpp/lib/pkgconfig/joy_controller_cpp.pc'
[22.344s] Level 1:colcon.colcon_core.environment:checking '/home/lunabotics/lunabotics/ros2_ws/install/joy_controller_cpp/lib/python3.10/site-packages'
[22.346s] Level 1:colcon.colcon_core.environment:checking '/home/lunabotics/lunabotics/ros2_ws/install/joy_controller_cpp/bin'
[22.347s] INFO:colcon.colcon_core.shell:Creating package script '/home/lunabotics/lunabotics/ros2_ws/install/joy_controller_cpp/share/joy_controller_cpp/package.ps1'
[22.352s] INFO:colcon.colcon_core.shell:Creating package descriptor '/home/lunabotics/lunabotics/ros2_ws/install/joy_controller_cpp/share/joy_controller_cpp/package.dsv'
[22.354s] INFO:colcon.colcon_core.shell:Creating package script '/home/lunabotics/lunabotics/ros2_ws/install/joy_controller_cpp/share/joy_controller_cpp/package.sh'
[22.357s] INFO:colcon.colcon_core.shell:Creating package script '/home/lunabotics/lunabotics/ros2_ws/install/joy_controller_cpp/share/joy_controller_cpp/package.bash'
[22.361s] INFO:colcon.colcon_core.shell:Creating package script '/home/lunabotics/lunabotics/ros2_ws/install/joy_controller_cpp/share/joy_controller_cpp/package.zsh'
[22.363s] Level 1:colcon.colcon_core.environment:create_file_with_runtime_dependencies(/home/lunabotics/lunabotics/ros2_ws/install/joy_controller_cpp/share/colcon-core/packages/joy_controller_cpp)
[22.366s] Level 1:colcon.colcon_core.environment:create_environment_scripts_only(joy_controller_cpp)
[22.367s] Level 1:colcon.colcon_core.environment:checking '/home/lunabotics/lunabotics/ros2_ws/install/joy_controller_cpp' for CMake module files
[22.369s] Level 1:colcon.colcon_core.environment:checking '/home/lunabotics/lunabotics/ros2_ws/install/joy_controller_cpp' for CMake config files
[22.370s] Level 1:colcon.colcon_core.shell:create_environment_hook('joy_controller_cpp', 'cmake_prefix_path')
[22.370s] INFO:colcon.colcon_core.shell:Creating environment hook '/home/lunabotics/lunabotics/ros2_ws/install/joy_controller_cpp/share/joy_controller_cpp/hook/cmake_prefix_path.ps1'
[22.372s] INFO:colcon.colcon_core.shell:Creating environment descriptor '/home/lunabotics/lunabotics/ros2_ws/install/joy_controller_cpp/share/joy_controller_cpp/hook/cmake_prefix_path.dsv'
[22.374s] INFO:colcon.colcon_core.shell:Creating environment hook '/home/lunabotics/lunabotics/ros2_ws/install/joy_controller_cpp/share/joy_controller_cpp/hook/cmake_prefix_path.sh'
[22.375s] Level 1:colcon.colcon_core.environment:checking '/home/lunabotics/lunabotics/ros2_ws/install/joy_controller_cpp/lib'
[22.376s] Level 1:colcon.colcon_core.environment:checking '/home/lunabotics/lunabotics/ros2_ws/install/joy_controller_cpp/bin'
[22.376s] Level 1:colcon.colcon_core.environment:checking '/home/lunabotics/lunabotics/ros2_ws/install/joy_controller_cpp/lib/pkgconfig/joy_controller_cpp.pc'
[22.377s] Level 1:colcon.colcon_core.environment:checking '/home/lunabotics/lunabotics/ros2_ws/install/joy_controller_cpp/lib/python3.10/site-packages'
[22.378s] Level 1:colcon.colcon_core.environment:checking '/home/lunabotics/lunabotics/ros2_ws/install/joy_controller_cpp/bin'
[22.379s] INFO:colcon.colcon_core.shell:Creating package script '/home/lunabotics/lunabotics/ros2_ws/install/joy_controller_cpp/share/joy_controller_cpp/package.ps1'
[22.381s] INFO:colcon.colcon_core.shell:Creating package descriptor '/home/lunabotics/lunabotics/ros2_ws/install/joy_controller_cpp/share/joy_controller_cpp/package.dsv'
[22.383s] INFO:colcon.colcon_core.shell:Creating package script '/home/lunabotics/lunabotics/ros2_ws/install/joy_controller_cpp/share/joy_controller_cpp/package.sh'
[22.384s] INFO:colcon.colcon_core.shell:Creating package script '/home/lunabotics/lunabotics/ros2_ws/install/joy_controller_cpp/share/joy_controller_cpp/package.bash'
[22.385s] INFO:colcon.colcon_core.shell:Creating package script '/home/lunabotics/lunabotics/ros2_ws/install/joy_controller_cpp/share/joy_controller_cpp/package.zsh'
[22.387s] Level 1:colcon.colcon_core.environment:create_file_with_runtime_dependencies(/home/lunabotics/lunabotics/ros2_ws/install/joy_controller_cpp/share/colcon-core/packages/joy_controller_cpp)
[22.388s] DEBUG:colcon.colcon_parallel_executor.executor.parallel:closing loop
[22.390s] DEBUG:colcon.colcon_parallel_executor.executor.parallel:loop closed
[22.390s] DEBUG:colcon.colcon_parallel_executor.executor.parallel:run_until_complete finished with '0'
[22.390s] DEBUG:colcon.colcon_core.event_reactor:joining thread
[22.392s] DEBUG:colcon.colcon_core.event_reactor:joined thread
[22.393s] INFO:colcon.colcon_core.shell:Creating prefix script '/home/lunabotics/lunabotics/ros2_ws/install/local_setup.ps1'
[22.396s] INFO:colcon.colcon_core.shell:Creating prefix util module '/home/lunabotics/lunabotics/ros2_ws/install/_local_setup_util_ps1.py'
[22.401s] INFO:colcon.colcon_core.shell:Creating prefix chain script '/home/lunabotics/lunabotics/ros2_ws/install/setup.ps1'
[22.406s] INFO:colcon.colcon_core.shell:Creating prefix script '/home/lunabotics/lunabotics/ros2_ws/install/local_setup.sh'
[22.409s] INFO:colcon.colcon_core.shell:Creating prefix util module '/home/lunabotics/lunabotics/ros2_ws/install/_local_setup_util_sh.py'
[22.411s] INFO:colcon.colcon_core.shell:Creating prefix chain script '/home/lunabotics/lunabotics/ros2_ws/install/setup.sh'
[22.415s] INFO:colcon.colcon_core.shell:Creating prefix script '/home/lunabotics/lunabotics/ros2_ws/install/local_setup.bash'
[22.417s] INFO:colcon.colcon_core.shell:Creating prefix chain script '/home/lunabotics/lunabotics/ros2_ws/install/setup.bash'
[22.420s] INFO:colcon.colcon_core.shell:Creating prefix script '/home/lunabotics/lunabotics/ros2_ws/install/local_setup.zsh'
[22.423s] INFO:colcon.colcon_core.shell:Creating prefix chain script '/home/lunabotics/lunabotics/ros2_ws/install/setup.zsh'
