[0.026s] Invoking command in '/home/lunabotics/lunabotics/ros2_ws/build/joy_controller_cpp': CMAKE_PREFIX_PATH=/home/lunabotics/lunabotics/ros2_ws/install/imu_reader:/opt/ros/humble /usr/bin/cmake /home/lunabotics/lunabotics/ros2_ws/src/joy_controller_cpp -DCMAKE_INSTALL_PREFIX=/home/lunabotics/lunabotics/ros2_ws/install/joy_controller_cpp
[0.813s] -- The C compiler identification is GNU 11.4.0
[1.304s] -- The CXX compiler identification is GNU 11.4.0
[1.348s] -- Detecting C compiler ABI info
[1.581s] -- Detecting C compiler ABI info - done
[1.606s] -- Check for working C compiler: /usr/bin/cc - skipped
[1.610s] -- Detecting C compile features
[1.613s] -- Detecting C compile features - done
[1.629s] -- Detecting CXX compiler ABI info
[1.847s] -- Detecting CXX compiler ABI info - done
[1.872s] -- Check for working CXX compiler: /usr/bin/c++ - skipped
[1.874s] -- Detecting CXX compile features
[1.876s] -- Detecting CXX compile features - done
[1.891s] -- Found ament_cmake: 1.3.14 (/opt/ros/humble/share/ament_cmake/cmake)
[2.281s] -- Found Python3: /usr/bin/python3 (found version "3.10.12") found components: Interpreter 
[2.584s] -- Found rclcpp: 16.0.18 (/opt/ros/humble/share/rclcpp/cmake)
[2.744s] -- Found rosidl_generator_c: 3.1.8 (/opt/ros/humble/share/rosidl_generator_c/cmake)
[2.758s] -- Found rosidl_adapter: 3.1.8 (/opt/ros/humble/share/rosidl_adapter/cmake)
[2.787s] -- Found rosidl_generator_cpp: 3.1.8 (/opt/ros/humble/share/rosidl_generator_cpp/cmake)
[2.827s] -- Using all available rosidl_typesupport_c: rosidl_typesupport_fastrtps_c;rosidl_typesupport_introspection_c
[2.876s] -- Using all available rosidl_typesupport_cpp: rosidl_typesupport_fastrtps_cpp;rosidl_typesupport_introspection_cpp
[3.006s] -- Found rmw_implementation_cmake: 6.1.2 (/opt/ros/humble/share/rmw_implementation_cmake/cmake)
[3.015s] -- Found rmw_fastrtps_cpp: 6.2.10 (/opt/ros/humble/share/rmw_fastrtps_cpp/cmake)
[3.265s] -- Found OpenSSL: /usr/lib/aarch64-linux-gnu/libcrypto.so (found version "3.0.2")  
[3.355s] -- Found FastRTPS: /opt/ros/humble/include  
[3.444s] -- Using RMW implementation 'rmw_fastrtps_cpp' as default
[3.469s] -- Looking for pthread.h
[3.664s] -- Looking for pthread.h - found
[3.665s] -- Performing Test CMAKE_HAVE_LIBC_PTHREAD
[3.890s] -- Performing Test CMAKE_HAVE_LIBC_PTHREAD - Success
[3.895s] -- Found Threads: TRUE  
[4.174s] -- Found sensor_msgs: 4.9.1 (/opt/ros/humble/share/sensor_msgs/cmake)
[4.295s] -- Found ament_lint_auto: 0.12.15 (/opt/ros/humble/share/ament_lint_auto/cmake)
[5.408s] -- Added test 'lint_cmake' to check CMake code style
[5.413s] -- Added test 'xmllint' to check XML markup files
[5.420s] -- Configuring done
[5.442s] [31mCMake Error at CMakeLists.txt:20 (add_executable):
[5.442s]   Cannot find source file:
[5.443s] 
[5.443s]     src/joy_controller_node.cpp
[5.443s] 
[5.443s]   Tried extensions .c .C .c++ .cc .cpp .cxx .cu .mpp .m .M .mm .ixx .cppm .h
[5.444s]   .hh .h++ .hm .hpp .hxx .in .txx .f .F .for .f77 .f90 .f95 .f03 .hip .ispc
[5.444s] 
[5.444s] [0m
[5.446s] [31mCMake Error at CMakeLists.txt:20 (add_executable):
[5.446s]   No SOURCES given to target: joy_controller_node
[5.447s] 
[5.447s] [0m
[5.447s] [0mCMake Generate step failed.  Build files cannot be regenerated correctly.[0m
[5.494s] Invoked command in '/home/lunabotics/lunabotics/ros2_ws/build/joy_controller_cpp' returned '1': CMAKE_PREFIX_PATH=/home/lunabotics/lunabotics/ros2_ws/install/imu_reader:/opt/ros/humble /usr/bin/cmake /home/lunabotics/lunabotics/ros2_ws/src/joy_controller_cpp -DCMAKE_INSTALL_PREFIX=/home/lunabotics/lunabotics/ros2_ws/install/joy_controller_cpp
