[35m[1mConsolidate compiler generated dependencies of target joy_controller_node[0m
[ 50%] [32mBuilding CXX object CMakeFiles/joy_controller_node.dir/src/joy_controller_node.cpp.o[0m
[100%] [32m[1mLinking CXX executable joy_controller_node[0m
[100%] Built target joy_controller_node
-- Install configuration: ""
-- Installing: /home/lunabotics/lunabotics/ros2_ws/install/joy_controller_cpp/lib/joy_controller_cpp/joy_controller_node
-- Set runtime path of "/home/lunabotics/lunabotics/ros2_ws/install/joy_controller_cpp/lib/joy_controller_cpp/joy_controller_node" to ""
-- Up-to-date: /home/lunabotics/lunabotics/ros2_ws/install/joy_controller_cpp/share/ament_index/resource_index/package_run_dependencies/joy_controller_cpp
-- Up-to-date: /home/lunabotics/lunabotics/ros2_ws/install/joy_controller_cpp/share/ament_index/resource_index/parent_prefix_path/joy_controller_cpp
-- Up-to-date: /home/lunabotics/lunabotics/ros2_ws/install/joy_controller_cpp/share/joy_controller_cpp/environment/ament_prefix_path.sh
-- Up-to-date: /home/lunabotics/lunabotics/ros2_ws/install/joy_controller_cpp/share/joy_controller_cpp/environment/ament_prefix_path.dsv
-- Up-to-date: /home/lunabotics/lunabotics/ros2_ws/install/joy_controller_cpp/share/joy_controller_cpp/environment/path.sh
-- Up-to-date: /home/lunabotics/lunabotics/ros2_ws/install/joy_controller_cpp/share/joy_controller_cpp/environment/path.dsv
-- Up-to-date: /home/lunabotics/lunabotics/ros2_ws/install/joy_controller_cpp/share/joy_controller_cpp/local_setup.bash
-- Up-to-date: /home/lunabotics/lunabotics/ros2_ws/install/joy_controller_cpp/share/joy_controller_cpp/local_setup.sh
-- Up-to-date: /home/lunabotics/lunabotics/ros2_ws/install/joy_controller_cpp/share/joy_controller_cpp/local_setup.zsh
-- Up-to-date: /home/lunabotics/lunabotics/ros2_ws/install/joy_controller_cpp/share/joy_controller_cpp/local_setup.dsv
-- Installing: /home/lunabotics/lunabotics/ros2_ws/install/joy_controller_cpp/share/joy_controller_cpp/package.dsv
-- Up-to-date: /home/lunabotics/lunabotics/ros2_ws/install/joy_controller_cpp/share/ament_index/resource_index/packages/joy_controller_cpp
-- Up-to-date: /home/lunabotics/lunabotics/ros2_ws/install/joy_controller_cpp/share/joy_controller_cpp/cmake/joy_controller_cppConfig.cmake
-- Up-to-date: /home/lunabotics/lunabotics/ros2_ws/install/joy_controller_cpp/share/joy_controller_cpp/cmake/joy_controller_cppConfig-version.cmake
-- Up-to-date: /home/lunabotics/lunabotics/ros2_ws/install/joy_controller_cpp/share/joy_controller_cpp/package.xml
