[0.018s] Invoking command in '/home/lunabotics/lunabotics/ros2_ws/build/joy_controller_cpp': CMAKE_PREFIX_PATH=${CMAKE_PREFIX_PATH}:/home/lunabotics/lunabotics/ros2_ws/install/imu_reader:/opt/ros/humble /usr/bin/cmake --build /home/lunabotics/lunabotics/ros2_ws/build/joy_controller_cpp -- -j6 -l6
[0.099s] [35m[1mConsolidate compiler generated dependencies of target joy_controller_node[0m
[0.146s] [ 50%] [32mBuilding CXX object CMakeFiles/joy_controller_node.dir/src/joy_controller_node.cpp.o[0m
[18.706s] [100%] [32m[1mLinking CXX executable joy_controller_node[0m
[19.561s] [100%] Built target joy_controller_node
[19.588s] Invoked command in '/home/lunabotics/lunabotics/ros2_ws/build/joy_controller_cpp' returned '0': CMAKE_PREFIX_PATH=${CMAKE_PREFIX_PATH}:/home/lunabotics/lunabotics/ros2_ws/install/imu_reader:/opt/ros/humble /usr/bin/cmake --build /home/lunabotics/lunabotics/ros2_ws/build/joy_controller_cpp -- -j6 -l6
[19.613s] Invoking command in '/home/lunabotics/lunabotics/ros2_ws/build/joy_controller_cpp': CMAKE_PREFIX_PATH=${CMAKE_PREFIX_PATH}:/home/lunabotics/lunabotics/ros2_ws/install/imu_reader:/opt/ros/humble /usr/bin/cmake --install /home/lunabotics/lunabotics/ros2_ws/build/joy_controller_cpp
[19.637s] -- Install configuration: ""
[19.637s] -- Installing: /home/lunabotics/lunabotics/ros2_ws/install/joy_controller_cpp/lib/joy_controller_cpp/joy_controller_node
[19.649s] -- Set runtime path of "/home/lunabotics/lunabotics/ros2_ws/install/joy_controller_cpp/lib/joy_controller_cpp/joy_controller_node" to ""
[19.649s] -- Up-to-date: /home/lunabotics/lunabotics/ros2_ws/install/joy_controller_cpp/share/ament_index/resource_index/package_run_dependencies/joy_controller_cpp
[19.650s] -- Up-to-date: /home/lunabotics/lunabotics/ros2_ws/install/joy_controller_cpp/share/ament_index/resource_index/parent_prefix_path/joy_controller_cpp
[19.650s] -- Up-to-date: /home/lunabotics/lunabotics/ros2_ws/install/joy_controller_cpp/share/joy_controller_cpp/environment/ament_prefix_path.sh
[19.650s] -- Up-to-date: /home/lunabotics/lunabotics/ros2_ws/install/joy_controller_cpp/share/joy_controller_cpp/environment/ament_prefix_path.dsv
[19.650s] -- Up-to-date: /home/lunabotics/lunabotics/ros2_ws/install/joy_controller_cpp/share/joy_controller_cpp/environment/path.sh
[19.650s] -- Up-to-date: /home/lunabotics/lunabotics/ros2_ws/install/joy_controller_cpp/share/joy_controller_cpp/environment/path.dsv
[19.650s] -- Up-to-date: /home/lunabotics/lunabotics/ros2_ws/install/joy_controller_cpp/share/joy_controller_cpp/local_setup.bash
[19.651s] -- Up-to-date: /home/lunabotics/lunabotics/ros2_ws/install/joy_controller_cpp/share/joy_controller_cpp/local_setup.sh
[19.651s] -- Up-to-date: /home/lunabotics/lunabotics/ros2_ws/install/joy_controller_cpp/share/joy_controller_cpp/local_setup.zsh
[19.651s] -- Up-to-date: /home/lunabotics/lunabotics/ros2_ws/install/joy_controller_cpp/share/joy_controller_cpp/local_setup.dsv
[19.651s] -- Installing: /home/lunabotics/lunabotics/ros2_ws/install/joy_controller_cpp/share/joy_controller_cpp/package.dsv
[19.651s] -- Up-to-date: /home/lunabotics/lunabotics/ros2_ws/install/joy_controller_cpp/share/ament_index/resource_index/packages/joy_controller_cpp
[19.651s] -- Up-to-date: /home/lunabotics/lunabotics/ros2_ws/install/joy_controller_cpp/share/joy_controller_cpp/cmake/joy_controller_cppConfig.cmake
[19.651s] -- Up-to-date: /home/lunabotics/lunabotics/ros2_ws/install/joy_controller_cpp/share/joy_controller_cpp/cmake/joy_controller_cppConfig-version.cmake
[19.652s] -- Up-to-date: /home/lunabotics/lunabotics/ros2_ws/install/joy_controller_cpp/share/joy_controller_cpp/package.xml
[19.658s] Invoked command in '/home/lunabotics/lunabotics/ros2_ws/build/joy_controller_cpp' returned '0': CMAKE_PREFIX_PATH=${CMAKE_PREFIX_PATH}:/home/lunabotics/lunabotics/ros2_ws/install/imu_reader:/opt/ros/humble /usr/bin/cmake --install /home/lunabotics/lunabotics/ros2_ws/build/joy_controller_cpp
