-- Found ament_cmake: 1.3.14 (/opt/ros/humble/share/ament_cmake/cmake)
-- Found rclcpp: 16.0.18 (/opt/ros/humble/share/rclcpp/cmake)
-- Found rosidl_generator_c: 3.1.8 (/opt/ros/humble/share/rosidl_generator_c/cmake)
-- Found rosidl_adapter: 3.1.8 (/opt/ros/humble/share/rosidl_adapter/cmake)
-- Found rosidl_generator_cpp: 3.1.8 (/opt/ros/humble/share/rosidl_generator_cpp/cmake)
-- Using all available rosidl_typesupport_c: rosidl_typesupport_fastrtps_c;rosidl_typesupport_introspection_c
-- Using all available rosidl_typesupport_cpp: rosidl_typesupport_fastrtps_cpp;rosidl_typesupport_introspection_cpp
-- Found rmw_implementation_cmake: 6.1.2 (/opt/ros/humble/share/rmw_implementation_cmake/cmake)
-- Found rmw_fastrtps_cpp: 6.2.10 (/opt/ros/humble/share/rmw_fastrtps_cpp/cmake)
-- Using RMW implementation 'rmw_fastrtps_cpp' as default
-- Found sensor_msgs: 4.9.1 (/opt/ros/humble/share/sensor_msgs/cmake)
-- Found ament_lint_auto: 0.12.15 (/opt/ros/humble/share/ament_lint_auto/cmake)
-- Added test 'cppcheck' to perform static code analysis on C / C++ code
-- Configured cppcheck include dirs: 
-- Configured cppcheck exclude dirs and/or files: 
-- Added test 'lint_cmake' to check CMake code style
-- Added test 'uncrustify' to check C / C++ code style
-- Configured uncrustify additional arguments: 
-- Added test 'xmllint' to check XML markup files
-- Configuring done
-- Generating done
-- Build files have been written to: /home/lunabotics/lunabotics/ros2_ws/build/joy_controller_cpp
[ 50%] [32mBuilding CXX object CMakeFiles/joy_controller_node.dir/src/joy_controller_node.cpp.o[0m
[100%] [32m[1mLinking CXX executable joy_controller_node[0m
[100%] Built target joy_controller_node
-- Install configuration: ""
-- Installing: /home/lunabotics/lunabotics/ros2_ws/install/joy_controller_cpp/lib/joy_controller_cpp/joy_controller_node
-- Set runtime path of "/home/lunabotics/lunabotics/ros2_ws/install/joy_controller_cpp/lib/joy_controller_cpp/joy_controller_node" to ""
-- Installing: /home/lunabotics/lunabotics/ros2_ws/install/joy_controller_cpp/share/ament_index/resource_index/package_run_dependencies/joy_controller_cpp
-- Installing: /home/lunabotics/lunabotics/ros2_ws/install/joy_controller_cpp/share/ament_index/resource_index/parent_prefix_path/joy_controller_cpp
-- Installing: /home/lunabotics/lunabotics/ros2_ws/install/joy_controller_cpp/share/joy_controller_cpp/environment/ament_prefix_path.sh
-- Installing: /home/lunabotics/lunabotics/ros2_ws/install/joy_controller_cpp/share/joy_controller_cpp/environment/ament_prefix_path.dsv
-- Installing: /home/lunabotics/lunabotics/ros2_ws/install/joy_controller_cpp/share/joy_controller_cpp/environment/path.sh
-- Installing: /home/lunabotics/lunabotics/ros2_ws/install/joy_controller_cpp/share/joy_controller_cpp/environment/path.dsv
-- Installing: /home/lunabotics/lunabotics/ros2_ws/install/joy_controller_cpp/share/joy_controller_cpp/local_setup.bash
-- Installing: /home/lunabotics/lunabotics/ros2_ws/install/joy_controller_cpp/share/joy_controller_cpp/local_setup.sh
-- Installing: /home/lunabotics/lunabotics/ros2_ws/install/joy_controller_cpp/share/joy_controller_cpp/local_setup.zsh
-- Installing: /home/lunabotics/lunabotics/ros2_ws/install/joy_controller_cpp/share/joy_controller_cpp/local_setup.dsv
-- Installing: /home/lunabotics/lunabotics/ros2_ws/install/joy_controller_cpp/share/joy_controller_cpp/package.dsv
-- Installing: /home/lunabotics/lunabotics/ros2_ws/install/joy_controller_cpp/share/ament_index/resource_index/packages/joy_controller_cpp
-- Installing: /home/lunabotics/lunabotics/ros2_ws/install/joy_controller_cpp/share/joy_controller_cpp/cmake/joy_controller_cppConfig.cmake
-- Installing: /home/lunabotics/lunabotics/ros2_ws/install/joy_controller_cpp/share/joy_controller_cpp/cmake/joy_controller_cppConfig-version.cmake
-- Installing: /home/lunabotics/lunabotics/ros2_ws/install/joy_controller_cpp/share/joy_controller_cpp/package.xml
