[0.021s] Invoking command in '/home/lunabotics/lunabotics/ros2_ws/build/joy_controller_cpp': CMAKE_PREFIX_PATH=/home/lunabotics/lunabotics/ros2_ws/install/imu_reader:/opt/ros/humble /usr/bin/cmake /home/lunabotics/lunabotics/ros2_ws/src/joy_controller_cpp -DCMAKE_INSTALL_PREFIX=/home/lunabotics/lunabotics/ros2_ws/install/joy_controller_cpp
[0.044s] -- Found ament_cmake: 1.3.14 (/opt/ros/humble/share/ament_cmake/cmake)
[0.368s] -- Found rclcpp: 16.0.18 (/opt/ros/humble/share/rclcpp/cmake)
[0.445s] -- Found rosidl_generator_c: 3.1.8 (/opt/ros/humble/share/rosidl_generator_c/cmake)
[0.449s] -- Found rosidl_adapter: 3.1.8 (/opt/ros/humble/share/rosidl_adapter/cmake)
[0.460s] -- Found rosidl_generator_cpp: 3.1.8 (/opt/ros/humble/share/rosidl_generator_cpp/cmake)
[0.477s] -- Using all available rosidl_typesupport_c: rosidl_typesupport_fastrtps_c;rosidl_typesupport_introspection_c
[0.500s] -- Using all available rosidl_typesupport_cpp: rosidl_typesupport_fastrtps_cpp;rosidl_typesupport_introspection_cpp
[0.558s] -- Found rmw_implementation_cmake: 6.1.2 (/opt/ros/humble/share/rmw_implementation_cmake/cmake)
[0.560s] -- Found rmw_fastrtps_cpp: 6.2.10 (/opt/ros/humble/share/rmw_fastrtps_cpp/cmake)
[0.732s] -- Using RMW implementation 'rmw_fastrtps_cpp' as default
[0.821s] -- Found sensor_msgs: 4.9.1 (/opt/ros/humble/share/sensor_msgs/cmake)
[0.873s] -- Found ament_lint_auto: 0.12.15 (/opt/ros/humble/share/ament_lint_auto/cmake)
[1.016s] -- Added test 'cppcheck' to perform static code analysis on C / C++ code
[1.017s] -- Configured cppcheck include dirs: 
[1.017s] -- Configured cppcheck exclude dirs and/or files: 
[1.018s] -- Added test 'lint_cmake' to check CMake code style
[1.019s] -- Added test 'uncrustify' to check C / C++ code style
[1.019s] -- Configured uncrustify additional arguments: 
[1.020s] -- Added test 'xmllint' to check XML markup files
[1.021s] -- Configuring done
[1.057s] -- Generating done
[1.069s] -- Build files have been written to: /home/lunabotics/lunabotics/ros2_ws/build/joy_controller_cpp
[1.089s] Invoked command in '/home/lunabotics/lunabotics/ros2_ws/build/joy_controller_cpp' returned '0': CMAKE_PREFIX_PATH=/home/lunabotics/lunabotics/ros2_ws/install/imu_reader:/opt/ros/humble /usr/bin/cmake /home/lunabotics/lunabotics/ros2_ws/src/joy_controller_cpp -DCMAKE_INSTALL_PREFIX=/home/lunabotics/lunabotics/ros2_ws/install/joy_controller_cpp
[1.093s] Invoking command in '/home/lunabotics/lunabotics/ros2_ws/build/joy_controller_cpp': CMAKE_PREFIX_PATH=/home/lunabotics/lunabotics/ros2_ws/install/imu_reader:/opt/ros/humble /usr/bin/cmake --build /home/lunabotics/lunabotics/ros2_ws/build/joy_controller_cpp -- -j6 -l6
[1.221s] [ 50%] [32mBuilding CXX object CMakeFiles/joy_controller_node.dir/src/joy_controller_node.cpp.o[0m
[20.480s] [100%] [32m[1mLinking CXX executable joy_controller_node[0m
[21.443s] [100%] Built target joy_controller_node
[21.482s] Invoked command in '/home/lunabotics/lunabotics/ros2_ws/build/joy_controller_cpp' returned '0': CMAKE_PREFIX_PATH=/home/lunabotics/lunabotics/ros2_ws/install/imu_reader:/opt/ros/humble /usr/bin/cmake --build /home/lunabotics/lunabotics/ros2_ws/build/joy_controller_cpp -- -j6 -l6
[21.515s] Invoking command in '/home/lunabotics/lunabotics/ros2_ws/build/joy_controller_cpp': CMAKE_PREFIX_PATH=/home/lunabotics/lunabotics/ros2_ws/install/imu_reader:/opt/ros/humble /usr/bin/cmake --install /home/lunabotics/lunabotics/ros2_ws/build/joy_controller_cpp
[21.542s] -- Install configuration: ""
[21.542s] -- Installing: /home/lunabotics/lunabotics/ros2_ws/install/joy_controller_cpp/lib/joy_controller_cpp/joy_controller_node
[21.554s] -- Set runtime path of "/home/lunabotics/lunabotics/ros2_ws/install/joy_controller_cpp/lib/joy_controller_cpp/joy_controller_node" to ""
[21.554s] -- Installing: /home/lunabotics/lunabotics/ros2_ws/install/joy_controller_cpp/share/ament_index/resource_index/package_run_dependencies/joy_controller_cpp
[21.555s] -- Installing: /home/lunabotics/lunabotics/ros2_ws/install/joy_controller_cpp/share/ament_index/resource_index/parent_prefix_path/joy_controller_cpp
[21.555s] -- Installing: /home/lunabotics/lunabotics/ros2_ws/install/joy_controller_cpp/share/joy_controller_cpp/environment/ament_prefix_path.sh
[21.555s] -- Installing: /home/lunabotics/lunabotics/ros2_ws/install/joy_controller_cpp/share/joy_controller_cpp/environment/ament_prefix_path.dsv
[21.556s] -- Installing: /home/lunabotics/lunabotics/ros2_ws/install/joy_controller_cpp/share/joy_controller_cpp/environment/path.sh
[21.556s] -- Installing: /home/lunabotics/lunabotics/ros2_ws/install/joy_controller_cpp/share/joy_controller_cpp/environment/path.dsv
[21.556s] -- Installing: /home/lunabotics/lunabotics/ros2_ws/install/joy_controller_cpp/share/joy_controller_cpp/local_setup.bash
[21.557s] -- Installing: /home/lunabotics/lunabotics/ros2_ws/install/joy_controller_cpp/share/joy_controller_cpp/local_setup.sh
[21.557s] -- Installing: /home/lunabotics/lunabotics/ros2_ws/install/joy_controller_cpp/share/joy_controller_cpp/local_setup.zsh
[21.557s] -- Installing: /home/lunabotics/lunabotics/ros2_ws/install/joy_controller_cpp/share/joy_controller_cpp/local_setup.dsv
[21.558s] -- Installing: /home/lunabotics/lunabotics/ros2_ws/install/joy_controller_cpp/share/joy_controller_cpp/package.dsv
[21.558s] -- Installing: /home/lunabotics/lunabotics/ros2_ws/install/joy_controller_cpp/share/ament_index/resource_index/packages/joy_controller_cpp
[21.558s] -- Installing: /home/lunabotics/lunabotics/ros2_ws/install/joy_controller_cpp/share/joy_controller_cpp/cmake/joy_controller_cppConfig.cmake
[21.559s] -- Installing: /home/lunabotics/lunabotics/ros2_ws/install/joy_controller_cpp/share/joy_controller_cpp/cmake/joy_controller_cppConfig-version.cmake
[21.559s] -- Installing: /home/lunabotics/lunabotics/ros2_ws/install/joy_controller_cpp/share/joy_controller_cpp/package.xml
[21.566s] Invoked command in '/home/lunabotics/lunabotics/ros2_ws/build/joy_controller_cpp' returned '0': CMAKE_PREFIX_PATH=/home/lunabotics/lunabotics/ros2_ws/install/imu_reader:/opt/ros/humble /usr/bin/cmake --install /home/lunabotics/lunabotics/ros2_ws/build/joy_controller_cpp
