-- Found ament_cmake: 1.3.14 (/opt/ros/humble/share/ament_cmake/cmake)
-- Found ament_lint_auto: 0.12.15 (/opt/ros/humble/share/ament_lint_auto/cmake)
-- Added test 'lint_cmake' to check CMake code style
-- Added test 'xmllint' to check XML markup files
-- Configuring done
-- Generating done
-- Build files have been written to: /home/lunabotics/TAMU_SEDS_Lunabotics/ros2_ws/build/imu_reader
-- Install configuration: ""
-- Installing: /home/lunabotics/TAMU_SEDS_Lunabotics/ros2_ws/install/imu_reader/share/ament_index/resource_index/package_run_dependencies/imu_reader
-- Installing: /home/lunabotics/TAMU_SEDS_Lunabotics/ros2_ws/install/imu_reader/share/ament_index/resource_index/parent_prefix_path/imu_reader
-- Installing: /home/lunabotics/TAMU_SEDS_Lunabotics/ros2_ws/install/imu_reader/share/imu_reader/environment/ament_prefix_path.sh
-- Installing: /home/lunabotics/TAMU_SEDS_Lunabotics/ros2_ws/install/imu_reader/share/imu_reader/environment/ament_prefix_path.dsv
-- Installing: /home/lunabotics/TAMU_SEDS_Lunabotics/ros2_ws/install/imu_reader/share/imu_reader/environment/path.sh
-- Installing: /home/lunabotics/TAMU_SEDS_Lunabotics/ros2_ws/install/imu_reader/share/imu_reader/environment/path.dsv
-- Installing: /home/lunabotics/TAMU_SEDS_Lunabotics/ros2_ws/install/imu_reader/share/imu_reader/local_setup.bash
-- Installing: /home/lunabotics/TAMU_SEDS_Lunabotics/ros2_ws/install/imu_reader/share/imu_reader/local_setup.sh
-- Installing: /home/lunabotics/TAMU_SEDS_Lunabotics/ros2_ws/install/imu_reader/share/imu_reader/local_setup.zsh
-- Installing: /home/lunabotics/TAMU_SEDS_Lunabotics/ros2_ws/install/imu_reader/share/imu_reader/local_setup.dsv
-- Installing: /home/lunabotics/TAMU_SEDS_Lunabotics/ros2_ws/install/imu_reader/share/imu_reader/package.dsv
-- Installing: /home/lunabotics/TAMU_SEDS_Lunabotics/ros2_ws/install/imu_reader/share/ament_index/resource_index/packages/imu_reader
-- Installing: /home/lunabotics/TAMU_SEDS_Lunabotics/ros2_ws/install/imu_reader/share/imu_reader/cmake/imu_readerConfig.cmake
-- Installing: /home/lunabotics/TAMU_SEDS_Lunabotics/ros2_ws/install/imu_reader/share/imu_reader/cmake/imu_readerConfig-version.cmake
-- Installing: /home/lunabotics/TAMU_SEDS_Lunabotics/ros2_ws/install/imu_reader/share/imu_reader/package.xml
